<?xml version="1.0" encoding="UTF-8"?>
<testng-results total="1" passed="1" failed="0" skipped="0">
  <reporter-output>
  </reporter-output>
  <suite started-at="2020-12-04T16:01:20Z" name="Suite" finished-at="2020-12-04T16:40:21Z" duration-ms="2340654">
    <groups>
      <group name="cucumber">
        <method signature="TestRunner.feature(cucumber.api.testng.CucumberFeatureWrapper)[pri:0, instance:com.qa.skyDoc.runner.TestRunner@14d3bc22]" name="feature" class="com.qa.skyDoc.runner.TestRunner"/>
      </group> <!-- cucumber -->
    </groups>
    <test started-at="2020-12-04T16:01:20Z" name="Test" finished-at="2020-12-04T16:40:21Z" duration-ms="2340654">
      <class name="com.qa.skyDoc.runner.TestRunner">
        <test-method is-config="true" signature="setUpClass()[pri:0, instance:com.qa.skyDoc.runner.TestRunner@14d3bc22]" started-at="2020-12-04T21:31:21Z" name="setUpClass" finished-at="2020-12-04T21:31:21Z" duration-ms="298" status="PASS">
          <reporter-output>
          </reporter-output>
        </test-method> <!-- setUpClass -->
        <test-method signature="feature(cucumber.api.testng.CucumberFeatureWrapper)[pri:0, instance:com.qa.skyDoc.runner.TestRunner@14d3bc22]" started-at="2020-12-04T21:31:21Z" name="feature" description="Runs Cucumber Feature" data-provider="features" finished-at="2020-12-04T22:10:21Z" duration-ms="2339875" status="PASS">
          <params>
            <param index="0">
              <value>
                <![CDATA[Automation Testing on SkyDoc Suite App]]>
              </value>
            </param>
          </params>
          <reporter-output>
          </reporter-output>
        </test-method> <!-- feature -->
        <test-method is-config="true" signature="tearDownClass()[pri:0, instance:com.qa.skyDoc.runner.TestRunner@14d3bc22]" started-at="2020-12-04T22:10:21Z" name="tearDownClass" finished-at="2020-12-04T22:10:21Z" duration-ms="28" status="PASS">
          <reporter-output>
          </reporter-output>
        </test-method> <!-- tearDownClass -->
      </class> <!-- com.qa.skyDoc.runner.TestRunner -->
    </test> <!-- Test -->
  </suite> <!-- Suite -->
</testng-results>
